[0805/134606.981:ERROR:process_info.cc(375)] NtQuerySystemInformation SystemExtendedHandleInformation: The specified information record length does not match the length required for the specified information class. (0xc0000004)
[0805/134607.129:ERROR:process_memory_win.cc(73)] ReadMemory at 0x7ff6a2840000 of 64 bytes failed: Only part of a ReadProcessMemory or WriteProcessMemory request was completed. (0x12B)
[0805/134607.235:WARNING:pe_image_reader.cc(340)] could not read dos header from C:\Program Files (x86)\Google\Chrome\Application\chrome.exe
[0805/134607.236:ERROR:process_memory_win.cc(73)] ReadMemory at 0x7ffd3d6e0000 of 64 bytes failed: Only part of a ReadProcessMemory or WriteProcessMemory request was completed. (0x12B)
[0805/134607.236:WARNING:pe_image_reader.cc(340)] could not read dos header from C:\WINDOWS\SYSTEM32\ntdll.dll
[0805/134607.236:ERROR:process_memory_win.cc(73)] ReadMemory at 0x7ffd3c150000 of 64 bytes failed: Only part of a ReadProcessMemory or WriteProcessMemory request was completed. (0x12B)
[0805/134607.237:WARNING:pe_image_reader.cc(340)] could not read dos header from C:\WINDOWS\System32\KERNEL32.DLL
[0805/134607.237:ERROR:process_memory_win.cc(73)] ReadMemory at 0x7ffd3b340000 of 64 bytes failed: Only part of a ReadProcessMemory or WriteProcessMemory request was completed. (0x12B)
[0805/134607.237:WARNING:pe_image_reader.cc(340)] could not read dos header from C:\WINDOWS\System32\KERNELBASE.dll
[0805/134607.237:ERROR:process_memory_win.cc(73)] ReadMemory at 0x7ffcf7000000 of 64 bytes failed: Only part of a ReadProcessMemory or WriteProcessMemory request was completed. (0x12B)
[0805/134607.237:WARNING:pe_image_reader.cc(340)] could not read dos header from C:\Program Files (x86)\Google\Chrome\Application\84.0.4147.105\chrome_elf.dll
[0805/134607.237:ERROR:process_memory_win.cc(73)] ReadMemory at 0x7ffd36820000 of 64 bytes failed: Only part of a ReadProcessMemory or WriteProcessMemory request was completed. (0x12B)
[0805/134607.238:WARNING:pe_image_reader.cc(340)] could not read dos header from C:\WINDOWS\SYSTEM32\VERSION.dll
[0805/134607.238:ERROR:process_memory_win.cc(73)] ReadMemory at 0x1a433070000 of 64 bytes failed: Only part of a ReadProcessMemory or WriteProcessMemory request was completed. (0x12B)
[0805/134607.238:WARNING:pe_image_reader.cc(340)] could not read dos header from C:\WINDOWS\System32\msvcrt.dll
[0805/134607.238:ERROR:process_memory_win.cc(73)] ReadMemory at 0x7ffd3b2c0000 of 64 bytes failed: Only part of a ReadProcessMemory or WriteProcessMemory request was completed. (0x12B)
[0805/134607.238:WARNING:pe_image_reader.cc(340)] could not read dos header from C:\WINDOWS\System32\bcryptPrimitives.dll
[0805/134607.238:ERROR:process_memory_win.cc(73)] ReadMemory at 0x7ffd3b790000 of 64 bytes failed: Only part of a ReadProcessMemory or WriteProcessMemory request was completed. (0x12B)
[0805/134607.238:WARNING:pe_image_reader.cc(340)] could not read dos header from C:\WINDOWS\System32\ADVAPI32.dll
[0805/134607.239:ERROR:process_memory_win.cc(73)] ReadMemory at 0x7ffd3b840000 of 64 bytes failed: Only part of a ReadProcessMemory or WriteProcessMemory request was completed. (0x12B)
[0805/134607.239:WARNING:pe_image_reader.cc(340)] could not read dos header from C:\WINDOWS\System32\sechost.dll
[0805/134607.239:ERROR:process_memory_win.cc(73)] ReadMemory at 0x7ffd3cc10000 of 64 bytes failed: Only part of a ReadProcessMemory or WriteProcessMemory request was completed. (0x12B)
[0805/134607.239:WARNING:pe_image_reader.cc(340)] could not read dos header from C:\WINDOWS\System32\RPCRT4.dll
[0805/134607.239:ERROR:process_memory_win.cc(73)] ReadMemory at 0x7ffcbd3b0000 of 64 bytes failed: Only part of a ReadProcessMemory or WriteProcessMemory request was completed. (0x12B)
[0805/134607.239:WARNING:pe_image_reader.cc(340)] could not read dos header from C:\Program Files (x86)\Google\Chrome\Application\84.0.4147.105\chrome.dll
[0805/134607.240:ERROR:process_memory_win.cc(73)] ReadMemory at 0x7ffd3cad0000 of 64 bytes failed: Only part of a ReadProcessMemory or WriteProcessMemory request was completed. (0x12B)
[0805/134607.240:WARNING:pe_image_reader.cc(340)] could not read dos header from C:\WINDOWS\System32\WS2_32.dll
[0805/134607.240:ERROR:process_memory_win.cc(73)] ReadMemory at 0x7ffd3cb40000 of 64 bytes failed: Only part of a ReadProcessMemory or WriteProcessMemory request was completed. (0x12B)
[0805/134607.240:WARNING:pe_image_reader.cc(340)] could not read dos header from C:\WINDOWS\System32\OLEAUT32.dll
[0805/134607.240:ERROR:process_memory_win.cc(73)] ReadMemory at 0x7ffd3a670000 of 64 bytes failed: Only part of a ReadProcessMemory or WriteProcessMemory request was completed. (0x12B)
[0805/134607.241:WARNING:pe_image_reader.cc(340)] could not read dos header from C:\WINDOWS\System32\msvcp_win.dll
[0805/134607.241:ERROR:process_memory_win.cc(73)] ReadMemory at 0x7ffd3b050000 of 64 bytes failed: Only part of a ReadProcessMemory or WriteProcessMemory request was completed. (0x12B)
[0805/134607.241:WARNING:pe_image_reader.cc(340)] could not read dos header from C:\WINDOWS\System32\ucrtbase.dll
[0805/134607.241:ERROR:process_memory_win.cc(73)] ReadMemory at 0x7ffd3ce70000 of 64 bytes failed: Only part of a ReadProcessMemory or WriteProcessMemory request was completed. (0x12B)
[0805/134607.241:WARNING:pe_image_reader.cc(340)] could not read dos header from C:\WINDOWS\System32\combase.dll
[0805/134607.241:ERROR:process_memory_win.cc(73)] ReadMemory at 0x7ffd3b260000 of 64 bytes failed: Only part of a ReadProcessMemory or WriteProcessMemory request was completed. (0x12B)
[0805/134607.241:WARNING:pe_image_reader.cc(340)] could not read dos header from C:\WINDOWS\System32\WINTRUST.dll
[0805/134607.242:ERROR:process_memory_win.cc(73)] ReadMemory at 0x7ffd3a650000 of 64 bytes failed: Only part of a ReadProcessMemory or WriteProcessMemory request was completed. (0x12B)
[0805/134607.242:WARNING:pe_image_reader.cc(340)] could not read dos header from C:\WINDOWS\System32\MSASN1.dll
[0805/134607.242:ERROR:process_memory_win.cc(73)] ReadMemory at 0x7ffd3a760000 of 64 bytes failed: Only part of a ReadProcessMemory or WriteProcessMemory request was completed. (0x12B)
[0805/134607.242:WARNING:pe_image_reader.cc(340)] could not read dos header from C:\WINDOWS\System32\CRYPT32.dll
[0805/134607.242:ERROR:process_memory_win.cc(73)] ReadMemory at 0x7ffd39b20000 of 64 bytes failed: Only part of a ReadProcessMemory or WriteProcessMemory request was completed. (0x12B)
[0805/134607.242:WARNING:pe_image_reader.cc(340)] could not read dos header from C:\WINDOWS\SYSTEM32\IPHLPAPI.DLL
[0805/134607.242:ERROR:process_memory_win.cc(73)] ReadMemory at 0x7ffd38570000 of 64 bytes failed: Only part of a ReadProcessMemory or WriteProcessMemory request was completed. (0x12B)
[0805/134607.243:WARNING:pe_image_reader.cc(340)] could not read dos header from C:\WINDOWS\SYSTEM32\WINMM.dll
[0805/134607.243:ERROR:process_memory_win.cc(73)] ReadMemory at 0x7ffd2a190000 of 64 bytes failed: Only part of a ReadProcessMemory or WriteProcessMemory request was completed. (0x12B)
[0805/134607.243:WARNING:pe_image_reader.cc(340)] could not read dos header from C:\WINDOWS\SYSTEM32\Secur32.dll
[0805/134607.243:ERROR:process_memory_win.cc(73)] ReadMemory at 0x7ffd3a4c0000 of 64 bytes failed: Only part of a ReadProcessMemory or WriteProcessMemory request was completed. (0x12B)
[0805/134607.243:WARNING:pe_image_reader.cc(340)] could not read dos header from C:\WINDOWS\SYSTEM32\USERENV.dll
[0805/134607.243:ERROR:process_memory_win.cc(73)] ReadMemory at 0x7ffd3a620000 of 64 bytes failed: Only part of a ReadProcessMemory or WriteProcessMemory request was completed. (0x12B)
[0805/134607.243:WARNING:pe_image_reader.cc(340)] could not read dos header from C:\WINDOWS\System32\profapi.dll
[0805/134607.244:ERROR:process_memory_win.cc(73)] ReadMemory at 0x7ffd08a10000 of 64 bytes failed: Only part of a ReadProcessMemory or WriteProcessMemory request was completed. (0x12B)
[0805/134607.244:WARNING:pe_image_reader.cc(340)] could not read dos header from C:\WINDOWS\SYSTEM32\UIAutomationCore.DLL
[0805/134607.244:ERROR:process_memory_win.cc(73)] ReadMemory at 0x7ffd18a80000 of 64 bytes failed: Only part of a ReadProcessMemory or WriteProcessMemory request was completed. (0x12B)
[0805/134607.244:WARNING:pe_image_reader.cc(340)] could not read dos header from C:\WINDOWS\SYSTEM32\DWrite.dll
[0805/134607.244:ERROR:process_memory_win.cc(73)] ReadMemory at 0x7ffd2dd50000 of 64 bytes failed: Only part of a ReadProcessMemory or WriteProcessMemory request was completed. (0x12B)
[0805/134607.244:WARNING:pe_image_reader.cc(340)] could not read dos header from C:\WINDOWS\SYSTEM32\WINSPOOL.DRV
[0805/134607.245:ERROR:process_memory_win.cc(73)] ReadMemory at 0x7ffd3a5b0000 of 64 bytes failed: Only part of a ReadProcessMemory or WriteProcessMemory request was completed. (0x12B)
[0805/134607.245:WARNING:pe_image_reader.cc(340)] could not read dos header from C:\WINDOWS\System32\kernel.appcore.dll
[0805/134607.245:ERROR:process_memory_win.cc(73)] ReadMemory at 0x7ffd3b180000 of 64 bytes failed: Only part of a ReadProcessMemory or WriteProcessMemory request was completed. (0x12B)
[0805/134607.245:WARNING:pe_image_reader.cc(340)] could not read dos header from C:\WINDOWS\System32\bcrypt.dll
[0805/134607.245:ERROR:process_memory_win.cc(73)] ReadMemory at 0x7ffd212b0000 of 64 bytes failed: Only part of a ReadProcessMemory or WriteProcessMemory request was completed. (0x12B)
[0805/134607.245:WARNING:pe_image_reader.cc(340)] could not read dos header from C:\WINDOWS\SYSTEM32\dbghelp.dll
[0805/134607.245:ERROR:process_memory_win.cc(73)] ReadMemory at 0x7ffd2cb70000 of 64 bytes failed: Only part of a ReadProcessMemory or WriteProcessMemory request was completed. (0x12B)
[0805/134607.246:WARNING:pe_image_reader.cc(340)] could not read dos header from C:\WINDOWS\SYSTEM32\WINHTTP.dll
[0805/134607.246:ERROR:process_memory_win.cc(73)] ReadMemory at 0x7ffd33010000 of 64 bytes failed: Only part of a ReadProcessMemory or WriteProcessMemory request was completed. (0x12B)
[0805/134607.246:WARNING:pe_image_reader.cc(340)] could not read dos header from C:\WINDOWS\SYSTEM32\dhcpcsvc.DLL
[0805/134607.246:ERROR:process_memory_win.cc(73)] ReadMemory at 0x7ffd3c460000 of 64 bytes failed: Only part of a ReadProcessMemory or WriteProcessMemory request was completed. (0x12B)
[0805/134607.246:WARNING:pe_image_reader.cc(340)] could not read dos header from C:\WINDOWS\System32\NSI.dll
[0805/134607.246:ERROR:process_memory_win.cc(73)] ReadMemory at 0x7ffd380a0000 of 64 bytes failed: Only part of a ReadProcessMemory or WriteProcessMemory request was completed. (0x12B)
[0805/134607.246:WARNING:pe_image_reader.cc(340)] could not read dos header from C:\WINDOWS\SYSTEM32\WINMMBASE.dll
[0805/134607.246:ERROR:process_memory_win.cc(73)] ReadMemory at 0x7ffd3a710000 of 64 bytes failed: Only part of a ReadProcessMemory or WriteProcessMemory request was completed. (0x12B)
[0805/134607.246:WARNING:pe_image_reader.cc(340)] could not read dos header from C:\WINDOWS\System32\cfgmgr32.dll
[0805/134607.246:ERROR:process_memory_win.cc(73)] ReadMemory at 0x7ffd36f40000 of 64 bytes failed: Only part of a ReadProcessMemory or WriteProcessMemory request was completed. (0x12B)
[0805/134607.246:WARNING:pe_image_reader.cc(340)] could not read dos header from C:\WINDOWS\SYSTEM32\PROPSYS.dll
[0805/134607.247:ERROR:process_memory_win.cc(73)] ReadMemory at 0x7ffd3c740000 of 64 bytes failed: Only part of a ReadProcessMemory or WriteProcessMemory request was completed. (0x12B)
[0805/134607.247:WARNING:pe_image_reader.cc(340)] could not read dos header from C:\WINDOWS\System32\shcore.dll
[0805/134607.247:ERROR:process_memory_win.cc(73)] ReadMemory at 0x7ffd3a490000 of 64 bytes failed: Only part of a ReadProcessMemory or WriteProcessMemory request was completed. (0x12B)
[0805/134607.247:WARNING:pe_image_reader.cc(340)] could not read dos header from C:\WINDOWS\SYSTEM32\SSPICLI.DLL
[0805/134607.247:ERROR:process_memory_win.cc(73)] ReadMemory at 0x7ffd39fe0000 of 64 bytes failed: Only part of a ReadProcessMemory or WriteProcessMemory request was completed. (0x12B)
[0805/134607.247:WARNING:pe_image_reader.cc(340)] could not read dos header from C:\WINDOWS\SYSTEM32\CRYPTBASE.DLL
[0805/134607.257:ERROR:process_memory_win.cc(73)] ReadMemory at 0x7ff6a2840000 of 64 bytes failed: Only part of a ReadProcessMemory or WriteProcessMemory request was completed. (0x12B)
[0805/134607.257:WARNING:pe_image_reader.cc(340)] could not read dos header from C:\Program Files (x86)\Google\Chrome\Application\chrome.exe
[0805/134607.257:ERROR:process_memory_win.cc(73)] ReadMemory at 0x7ffd3d6e0000 of 64 bytes failed: Only part of a ReadProcessMemory or WriteProcessMemory request was completed. (0x12B)
[0805/134607.257:WARNING:pe_image_reader.cc(340)] could not read dos header from C:\WINDOWS\SYSTEM32\ntdll.dll
[0805/134607.257:ERROR:process_memory_win.cc(73)] ReadMemory at 0x7ffd3c150000 of 64 bytes failed: Only part of a ReadProcessMemory or WriteProcessMemory request was completed. (0x12B)
[0805/134607.257:WARNING:pe_image_reader.cc(340)] could not read dos header from C:\WINDOWS\System32\KERNEL32.DLL
[0805/134607.258:ERROR:process_memory_win.cc(73)] ReadMemory at 0x7ffd3b340000 of 64 bytes failed: Only part of a ReadProcessMemory or WriteProcessMemory request was completed. (0x12B)
[0805/134607.258:WARNING:pe_image_reader.cc(340)] could not read dos header from C:\WINDOWS\System32\KERNELBASE.dll
[0805/134607.258:ERROR:process_memory_win.cc(73)] ReadMemory at 0x7ffcf7000000 of 64 bytes failed: Only part of a ReadProcessMemory or WriteProcessMemory request was completed. (0x12B)
[0805/134607.258:WARNING:pe_image_reader.cc(340)] could not read dos header from C:\Program Files (x86)\Google\Chrome\Application\84.0.4147.105\chrome_elf.dll
[0805/134607.258:ERROR:process_memory_win.cc(73)] ReadMemory at 0x7ffd36820000 of 64 bytes failed: Only part of a ReadProcessMemory or WriteProcessMemory request was completed. (0x12B)
[0805/134607.258:WARNING:pe_image_reader.cc(340)] could not read dos header from C:\WINDOWS\SYSTEM32\VERSION.dll
[0805/134607.258:ERROR:process_memory_win.cc(73)] ReadMemory at 0x1a433070000 of 64 bytes failed: Only part of a ReadProcessMemory or WriteProcessMemory request was completed. (0x12B)
[0805/134607.258:WARNING:pe_image_reader.cc(340)] could not read dos header from C:\WINDOWS\System32\msvcrt.dll
[0805/134607.258:ERROR:process_memory_win.cc(73)] ReadMemory at 0x7ffd3b2c0000 of 64 bytes failed: Only part of a ReadProcessMemory or WriteProcessMemory request was completed. (0x12B)
[0805/134607.258:WARNING:pe_image_reader.cc(340)] could not read dos header from C:\WINDOWS\System32\bcryptPrimitives.dll
[0805/134607.258:ERROR:process_memory_win.cc(73)] ReadMemory at 0x7ffd3b790000 of 64 bytes failed: Only part of a ReadProcessMemory or WriteProcessMemory request was completed. (0x12B)
[0805/134607.258:WARNING:pe_image_reader.cc(340)] could not read dos header from C:\WINDOWS\System32\ADVAPI32.dll
[0805/134607.259:ERROR:process_memory_win.cc(73)] ReadMemory at 0x7ffd3b840000 of 64 bytes failed: Only part of a ReadProcessMemory or WriteProcessMemory request was completed. (0x12B)
[0805/134607.259:WARNING:pe_image_reader.cc(340)] could not read dos header from C:\WINDOWS\System32\sechost.dll
[0805/134607.259:ERROR:process_memory_win.cc(73)] ReadMemory at 0x7ffd3cc10000 of 64 bytes failed: Only part of a ReadProcessMemory or WriteProcessMemory request was completed. (0x12B)
[0805/134607.259:WARNING:pe_image_reader.cc(340)] could not read dos header from C:\WINDOWS\System32\RPCRT4.dll
[0805/134607.260:ERROR:process_memory_win.cc(73)] ReadMemory at 0x7ffcbd3b0000 of 64 bytes failed: Only part of a ReadProcessMemory or WriteProcessMemory request was completed. (0x12B)
[0805/134607.260:WARNING:pe_image_reader.cc(340)] could not read dos header from C:\Program Files (x86)\Google\Chrome\Application\84.0.4147.105\chrome.dll
[0805/134607.260:ERROR:process_memory_win.cc(73)] ReadMemory at 0x7ffd3cad0000 of 64 bytes failed: Only part of a ReadProcessMemory or WriteProcessMemory request was completed. (0x12B)
[0805/134607.260:WARNING:pe_image_reader.cc(340)] could not read dos header from C:\WINDOWS\System32\WS2_32.dll
[0805/134607.260:ERROR:process_memory_win.cc(73)] ReadMemory at 0x7ffd3cb40000 of 64 bytes failed: Only part of a ReadProcessMemory or WriteProcessMemory request was completed. (0x12B)
[0805/134607.260:WARNING:pe_image_reader.cc(340)] could not read dos header from C:\WINDOWS\System32\OLEAUT32.dll
[0805/134607.260:ERROR:process_memory_win.cc(73)] ReadMemory at 0x7ffd3a670000 of 64 bytes failed: Only part of a ReadProcessMemory or WriteProcessMemory request was completed. (0x12B)
[0805/134607.260:WARNING:pe_image_reader.cc(340)] could not read dos header from C:\WINDOWS\System32\msvcp_win.dll
[0805/134607.260:ERROR:process_memory_win.cc(73)] ReadMemory at 0x7ffd3b050000 of 64 bytes failed: Only part of a ReadProcessMemory or WriteProcessMemory request was completed. (0x12B)
[0805/134607.260:WARNING:pe_image_reader.cc(340)] could not read dos header from C:\WINDOWS\System32\ucrtbase.dll
[0805/134607.260:ERROR:process_memory_win.cc(73)] ReadMemory at 0x7ffd3ce70000 of 64 bytes failed: Only part of a ReadProcessMemory or WriteProcessMemory request was completed. (0x12B)
[0805/134607.260:WARNING:pe_image_reader.cc(340)] could not read dos header from C:\WINDOWS\System32\combase.dll
[0805/134607.260:ERROR:process_memory_win.cc(73)] ReadMemory at 0x7ffd3b260000 of 64 bytes failed: Only part of a ReadProcessMemory or WriteProcessMemory request was completed. (0x12B)
[0805/134607.260:WARNING:pe_image_reader.cc(340)] could not read dos header from C:\WINDOWS\System32\WINTRUST.dll
[0805/134607.261:ERROR:process_memory_win.cc(73)] ReadMemory at 0x7ffd3a650000 of 64 bytes failed: Only part of a ReadProcessMemory or WriteProcessMemory request was completed. (0x12B)
[0805/134607.261:WARNING:pe_image_reader.cc(340)] could not read dos header from C:\WINDOWS\System32\MSASN1.dll
[0805/134607.261:ERROR:process_memory_win.cc(73)] ReadMemory at 0x7ffd3a760000 of 64 bytes failed: Only part of a ReadProcessMemory or WriteProcessMemory request was completed. (0x12B)
[0805/134607.261:WARNING:pe_image_reader.cc(340)] could not read dos header from C:\WINDOWS\System32\CRYPT32.dll
[0805/134607.261:ERROR:process_memory_win.cc(73)] ReadMemory at 0x7ffd39b20000 of 64 bytes failed: Only part of a ReadProcessMemory or WriteProcessMemory request was completed. (0x12B)
[0805/134607.261:WARNING:pe_image_reader.cc(340)] could not read dos header from C:\WINDOWS\SYSTEM32\IPHLPAPI.DLL
[0805/134607.261:ERROR:process_memory_win.cc(73)] ReadMemory at 0x7ffd38570000 of 64 bytes failed: Only part of a ReadProcessMemory or WriteProcessMemory request was completed. (0x12B)
[0805/134607.261:WARNING:pe_image_reader.cc(340)] could not read dos header from C:\WINDOWS\SYSTEM32\WINMM.dll
[0805/134607.262:ERROR:process_memory_win.cc(73)] ReadMemory at 0x7ffd2a190000 of 64 bytes failed: Only part of a ReadProcessMemory or WriteProcessMemory request was completed. (0x12B)
[0805/134607.262:WARNING:pe_image_reader.cc(340)] could not read dos header from C:\WINDOWS\SYSTEM32\Secur32.dll
[0805/134607.262:ERROR:process_memory_win.cc(73)] ReadMemory at 0x7ffd3a4c0000 of 64 bytes failed: Only part of a ReadProcessMemory or WriteProcessMemory request was completed. (0x12B)
[0805/134607.262:WARNING:pe_image_reader.cc(340)] could not read dos header from C:\WINDOWS\SYSTEM32\USERENV.dll
[0805/134607.262:ERROR:process_memory_win.cc(73)] ReadMemory at 0x7ffd3a620000 of 64 bytes failed: Only part of a ReadProcessMemory or WriteProcessMemory request was completed. (0x12B)
[0805/134607.262:WARNING:pe_image_reader.cc(340)] could not read dos header from C:\WINDOWS\System32\profapi.dll
[0805/134607.262:ERROR:process_memory_win.cc(73)] ReadMemory at 0x7ffd08a10000 of 64 bytes failed: Only part of a ReadProcessMemory or WriteProcessMemory request was completed. (0x12B)
[0805/134607.262:WARNING:pe_image_reader.cc(340)] could not read dos header from C:\WINDOWS\SYSTEM32\UIAutomationCore.DLL
[0805/134607.262:ERROR:process_memory_win.cc(73)] ReadMemory at 0x7ffd18a80000 of 64 bytes failed: Only part of a ReadProcessMemory or WriteProcessMemory request was completed. (0x12B)
[0805/134607.262:WARNING:pe_image_reader.cc(340)] could not read dos header from C:\WINDOWS\SYSTEM32\DWrite.dll
[0805/134607.262:ERROR:process_memory_win.cc(73)] ReadMemory at 0x7ffd2dd50000 of 64 bytes failed: Only part of a ReadProcessMemory or WriteProcessMemory request was completed. (0x12B)
[0805/134607.262:WARNING:pe_image_reader.cc(340)] could not read dos header from C:\WINDOWS\SYSTEM32\WINSPOOL.DRV
[0805/134607.263:ERROR:process_memory_win.cc(73)] ReadMemory at 0x7ffd3a5b0000 of 64 bytes failed: Only part of a ReadProcessMemory or WriteProcessMemory request was completed. (0x12B)
[0805/134607.263:WARNING:pe_image_reader.cc(340)] could not read dos header from C:\WINDOWS\System32\kernel.appcore.dll
[0805/134607.263:ERROR:process_memory_win.cc(73)] ReadMemory at 0x7ffd3b180000 of 64 bytes failed: Only part of a ReadProcessMemory or WriteProcessMemory request was completed. (0x12B)
[0805/134607.263:WARNING:pe_image_reader.cc(340)] could not read dos header from C:\WINDOWS\System32\bcrypt.dll
[0805/134607.263:ERROR:process_memory_win.cc(73)] ReadMemory at 0x7ffd212b0000 of 64 bytes failed: Only part of a ReadProcessMemory or WriteProcessMemory request was completed. (0x12B)
[0805/134607.263:WARNING:pe_image_reader.cc(340)] could not read dos header from C:\WINDOWS\SYSTEM32\dbghelp.dll
[0805/134607.263:ERROR:process_memory_win.cc(73)] ReadMemory at 0x7ffd2cb70000 of 64 bytes failed: Only part of a ReadProcessMemory or WriteProcessMemory request was completed. (0x12B)
[0805/134607.263:WARNING:pe_image_reader.cc(340)] could not read dos header from C:\WINDOWS\SYSTEM32\WINHTTP.dll
[0805/134607.263:ERROR:process_memory_win.cc(73)] ReadMemory at 0x7ffd33010000 of 64 bytes failed: Only part of a ReadProcessMemory or WriteProcessMemory request was completed. (0x12B)
[0805/134607.263:WARNING:pe_image_reader.cc(340)] could not read dos header from C:\WINDOWS\SYSTEM32\dhcpcsvc.DLL
[0805/134607.263:ERROR:process_memory_win.cc(73)] ReadMemory at 0x7ffd3c460000 of 64 bytes failed: Only part of a ReadProcessMemory or WriteProcessMemory request was completed. (0x12B)
[0805/134607.263:WARNING:pe_image_reader.cc(340)] could not read dos header from C:\WINDOWS\System32\NSI.dll
[0805/134607.264:ERROR:process_memory_win.cc(73)] ReadMemory at 0x7ffd380a0000 of 64 bytes failed: Only part of a ReadProcessMemory or WriteProcessMemory request was completed. (0x12B)
[0805/134607.264:WARNING:pe_image_reader.cc(340)] could not read dos header from C:\WINDOWS\SYSTEM32\WINMMBASE.dll
[0805/134607.264:ERROR:process_memory_win.cc(73)] ReadMemory at 0x7ffd3a710000 of 64 bytes failed: Only part of a ReadProcessMemory or WriteProcessMemory request was completed. (0x12B)
[0805/134607.264:WARNING:pe_image_reader.cc(340)] could not read dos header from C:\WINDOWS\System32\cfgmgr32.dll
[0805/134607.265:ERROR:process_memory_win.cc(73)] ReadMemory at 0x7ffd36f40000 of 64 bytes failed: Only part of a ReadProcessMemory or WriteProcessMemory request was completed. (0x12B)
[0805/134607.265:WARNING:pe_image_reader.cc(340)] could not read dos header from C:\WINDOWS\SYSTEM32\PROPSYS.dll
[0805/134607.265:ERROR:process_memory_win.cc(73)] ReadMemory at 0x7ffd3c740000 of 64 bytes failed: Only part of a ReadProcessMemory or WriteProcessMemory request was completed. (0x12B)
[0805/134607.265:WARNING:pe_image_reader.cc(340)] could not read dos header from C:\WINDOWS\System32\shcore.dll
[0805/134607.265:ERROR:process_memory_win.cc(73)] ReadMemory at 0x7ffd3a490000 of 64 bytes failed: Only part of a ReadProcessMemory or WriteProcessMemory request was completed. (0x12B)
[0805/134607.265:WARNING:pe_image_reader.cc(340)] could not read dos header from C:\WINDOWS\SYSTEM32\SSPICLI.DLL
[0805/134607.265:ERROR:process_memory_win.cc(73)] ReadMemory at 0x7ffd39fe0000 of 64 bytes failed: Only part of a ReadProcessMemory or WriteProcessMemory request was completed. (0x12B)
[0805/134607.265:WARNING:pe_image_reader.cc(340)] could not read dos header from C:\WINDOWS\SYSTEM32\CRYPTBASE.DLL
[0805/134607.265:ERROR:process_memory_win.cc(73)] ReadMemory at 0x7ff6a2840000 of 64 bytes failed: Only part of a ReadProcessMemory or WriteProcessMemory request was completed. (0x12B)
[0805/134607.265:WARNING:pe_image_reader.cc(340)] could not read dos header from C:\Program Files (x86)\Google\Chrome\Application\chrome.exe
[0805/134607.265:ERROR:process_memory_win.cc(73)] ReadMemory at 0x7ffd3d6e0000 of 64 bytes failed: Only part of a ReadProcessMemory or WriteProcessMemory request was completed. (0x12B)
[0805/134607.265:WARNING:pe_image_reader.cc(340)] could not read dos header from C:\WINDOWS\SYSTEM32\ntdll.dll
[0805/134607.265:ERROR:process_memory_win.cc(73)] ReadMemory at 0x7ffd3c150000 of 64 bytes failed: Only part of a ReadProcessMemory or WriteProcessMemory request was completed. (0x12B)
[0805/134607.265:WARNING:pe_image_reader.cc(340)] could not read dos header from C:\WINDOWS\System32\KERNEL32.DLL
[0805/134607.265:ERROR:process_memory_win.cc(73)] ReadMemory at 0x7ffd3b340000 of 64 bytes failed: Only part of a ReadProcessMemory or WriteProcessMemory request was completed. (0x12B)
[0805/134607.265:WARNING:pe_image_reader.cc(340)] could not read dos header from C:\WINDOWS\System32\KERNELBASE.dll
[0805/134607.265:ERROR:process_memory_win.cc(73)] ReadMemory at 0x7ffcf7000000 of 64 bytes failed: Only part of a ReadProcessMemory or WriteProcessMemory request was completed. (0x12B)
[0805/134607.265:WARNING:pe_image_reader.cc(340)] could not read dos header from C:\Program Files (x86)\Google\Chrome\Application\84.0.4147.105\chrome_elf.dll
[0805/134607.266:ERROR:process_memory_win.cc(73)] ReadMemory at 0x7ffd36820000 of 64 bytes failed: Only part of a ReadProcessMemory or WriteProcessMemory request was completed. (0x12B)
[0805/134607.266:WARNING:pe_image_reader.cc(340)] could not read dos header from C:\WINDOWS\SYSTEM32\VERSION.dll
[0805/134607.266:ERROR:process_memory_win.cc(73)] ReadMemory at 0x1a433070000 of 64 bytes failed: Only part of a ReadProcessMemory or WriteProcessMemory request was completed. (0x12B)
[0805/134607.266:WARNING:pe_image_reader.cc(340)] could not read dos header from C:\WINDOWS\System32\msvcrt.dll
[0805/134607.266:ERROR:process_memory_win.cc(73)] ReadMemory at 0x7ffd3b2c0000 of 64 bytes failed: Only part of a ReadProcessMemory or WriteProcessMemory request was completed. (0x12B)
[0805/134607.266:WARNING:pe_image_reader.cc(340)] could not read dos header from C:\WINDOWS\System32\bcryptPrimitives.dll
[0805/134607.266:ERROR:process_memory_win.cc(73)] ReadMemory at 0x7ffd3b790000 of 64 bytes failed: Only part of a ReadProcessMemory or WriteProcessMemory request was completed. (0x12B)
[0805/134607.266:WARNING:pe_image_reader.cc(340)] could not read dos header from C:\WINDOWS\System32\ADVAPI32.dll
[0805/134607.266:ERROR:process_memory_win.cc(73)] ReadMemory at 0x7ffd3b840000 of 64 bytes failed: Only part of a ReadProcessMemory or WriteProcessMemory request was completed. (0x12B)
[0805/134607.266:WARNING:pe_image_reader.cc(340)] could not read dos header from C:\WINDOWS\System32\sechost.dll
[0805/134607.266:ERROR:process_memory_win.cc(73)] ReadMemory at 0x7ffd3cc10000 of 64 bytes failed: Only part of a ReadProcessMemory or WriteProcessMemory request was completed. (0x12B)
[0805/134607.267:WARNING:pe_image_reader.cc(340)] could not read dos header from C:\WINDOWS\System32\RPCRT4.dll
[0805/134607.267:ERROR:process_memory_win.cc(73)] ReadMemory at 0x7ffcbd3b0000 of 64 bytes failed: Only part of a ReadProcessMemory or WriteProcessMemory request was completed. (0x12B)
[0805/134607.267:WARNING:pe_image_reader.cc(340)] could not read dos header from C:\Program Files (x86)\Google\Chrome\Application\84.0.4147.105\chrome.dll
[0805/134607.267:ERROR:process_memory_win.cc(73)] ReadMemory at 0x7ffd3cad0000 of 64 bytes failed: Only part of a ReadProcessMemory or WriteProcessMemory request was completed. (0x12B)
[0805/134607.267:WARNING:pe_image_reader.cc(340)] could not read dos header from C:\WINDOWS\System32\WS2_32.dll
[0805/134607.267:ERROR:process_memory_win.cc(73)] ReadMemory at 0x7ffd3cb40000 of 64 bytes failed: Only part of a ReadProcessMemory or WriteProcessMemory request was completed. (0x12B)
[0805/134607.267:WARNING:pe_image_reader.cc(340)] could not read dos header from C:\WINDOWS\System32\OLEAUT32.dll
[0805/134607.267:ERROR:process_memory_win.cc(73)] ReadMemory at 0x7ffd3a670000 of 64 bytes failed: Only part of a ReadProcessMemory or WriteProcessMemory request was completed. (0x12B)
[0805/134607.267:WARNING:pe_image_reader.cc(340)] could not read dos header from C:\WINDOWS\System32\msvcp_win.dll
[0805/134607.267:ERROR:process_memory_win.cc(73)] ReadMemory at 0x7ffd3b050000 of 64 bytes failed: Only part of a ReadProcessMemory or WriteProcessMemory request was completed. (0x12B)
[0805/134607.267:WARNING:pe_image_reader.cc(340)] could not read dos header from C:\WINDOWS\System32\ucrtbase.dll
[0805/134607.268:ERROR:process_memory_win.cc(73)] ReadMemory at 0x7ffd3ce70000 of 64 bytes failed: Only part of a ReadProcessMemory or WriteProcessMemory request was completed. (0x12B)
[0805/134607.268:WARNING:pe_image_reader.cc(340)] could not read dos header from C:\WINDOWS\System32\combase.dll
[0805/134607.268:ERROR:process_memory_win.cc(73)] ReadMemory at 0x7ffd3b260000 of 64 bytes failed: Only part of a ReadProcessMemory or WriteProcessMemory request was completed. (0x12B)
[0805/134607.268:WARNING:pe_image_reader.cc(340)] could not read dos header from C:\WINDOWS\System32\WINTRUST.dll
[0805/134607.268:ERROR:process_memory_win.cc(73)] ReadMemory at 0x7ffd3a650000 of 64 bytes failed: Only part of a ReadProcessMemory or WriteProcessMemory request was completed. (0x12B)
[0805/134607.268:WARNING:pe_image_reader.cc(340)] could not read dos header from C:\WINDOWS\System32\MSASN1.dll
[0805/134607.268:ERROR:process_memory_win.cc(73)] ReadMemory at 0x7ffd3a760000 of 64 bytes failed: Only part of a ReadProcessMemory or WriteProcessMemory request was completed. (0x12B)
[0805/134607.268:WARNING:pe_image_reader.cc(340)] could not read dos header from C:\WINDOWS\System32\CRYPT32.dll
[0805/134607.268:ERROR:process_memory_win.cc(73)] ReadMemory at 0x7ffd39b20000 of 64 bytes failed: Only part of a ReadProcessMemory or WriteProcessMemory request was completed. (0x12B)
[0805/134607.268:WARNING:pe_image_reader.cc(340)] could not read dos header from C:\WINDOWS\SYSTEM32\IPHLPAPI.DLL
[0805/134607.268:ERROR:process_memory_win.cc(73)] ReadMemory at 0x7ffd38570000 of 64 bytes failed: Only part of a ReadProcessMemory or WriteProcessMemory request was completed. (0x12B)
[0805/134607.268:WARNING:pe_image_reader.cc(340)] could not read dos header from C:\WINDOWS\SYSTEM32\WINMM.dll
[0805/134607.269:ERROR:process_memory_win.cc(73)] ReadMemory at 0x7ffd2a190000 of 64 bytes failed: Only part of a ReadProcessMemory or WriteProcessMemory request was completed. (0x12B)
[0805/134607.269:WARNING:pe_image_reader.cc(340)] could not read dos header from C:\WINDOWS\SYSTEM32\Secur32.dll
[0805/134607.269:ERROR:process_memory_win.cc(73)] ReadMemory at 0x7ffd3a4c0000 of 64 bytes failed: Only part of a ReadProcessMemory or WriteProcessMemory request was completed. (0x12B)
[0805/134607.269:WARNING:pe_image_reader.cc(340)] could not read dos header from C:\WINDOWS\SYSTEM32\USERENV.dll
[0805/134607.269:ERROR:process_memory_win.cc(73)] ReadMemory at 0x7ffd3a620000 of 64 bytes failed: Only part of a ReadProcessMemory or WriteProcessMemory request was completed. (0x12B)
[0805/134607.269:WARNING:pe_image_reader.cc(340)] could not read dos header from C:\WINDOWS\System32\profapi.dll
[0805/134607.269:ERROR:process_memory_win.cc(73)] ReadMemory at 0x7ffd08a10000 of 64 bytes failed: Only part of a ReadProcessMemory or WriteProcessMemory request was completed. (0x12B)
[0805/134607.269:WARNING:pe_image_reader.cc(340)] could not read dos header from C:\WINDOWS\SYSTEM32\UIAutomationCore.DLL
[0805/134607.269:ERROR:process_memory_win.cc(73)] ReadMemory at 0x7ffd18a80000 of 64 bytes failed: Only part of a ReadProcessMemory or WriteProcessMemory request was completed. (0x12B)
[0805/134607.269:WARNING:pe_image_reader.cc(340)] could not read dos header from C:\WINDOWS\SYSTEM32\DWrite.dll
[0805/134607.269:ERROR:process_memory_win.cc(73)] ReadMemory at 0x7ffd2dd50000 of 64 bytes failed: Only part of a ReadProcessMemory or WriteProcessMemory request was completed. (0x12B)
[0805/134607.270:WARNING:pe_image_reader.cc(340)] could not read dos header from C:\WINDOWS\SYSTEM32\WINSPOOL.DRV
[0805/134607.270:ERROR:process_memory_win.cc(73)] ReadMemory at 0x7ffd3a5b0000 of 64 bytes failed: Only part of a ReadProcessMemory or WriteProcessMemory request was completed. (0x12B)
[0805/134607.270:WARNING:pe_image_reader.cc(340)] could not read dos header from C:\WINDOWS\System32\kernel.appcore.dll
[0805/134607.270:ERROR:process_memory_win.cc(73)] ReadMemory at 0x7ffd3b180000 of 64 bytes failed: Only part of a ReadProcessMemory or WriteProcessMemory request was completed. (0x12B)
[0805/134607.270:WARNING:pe_image_reader.cc(340)] could not read dos header from C:\WINDOWS\System32\bcrypt.dll
[0805/134607.270:ERROR:process_memory_win.cc(73)] ReadMemory at 0x7ffd212b0000 of 64 bytes failed: Only part of a ReadProcessMemory or WriteProcessMemory request was completed. (0x12B)
[0805/134607.270:WARNING:pe_image_reader.cc(340)] could not read dos header from C:\WINDOWS\SYSTEM32\dbghelp.dll
[0805/134607.270:ERROR:process_memory_win.cc(73)] ReadMemory at 0x7ffd2cb70000 of 64 bytes failed: Only part of a ReadProcessMemory or WriteProcessMemory request was completed. (0x12B)
[0805/134607.270:WARNING:pe_image_reader.cc(340)] could not read dos header from C:\WINDOWS\SYSTEM32\WINHTTP.dll
[0805/134607.271:ERROR:process_memory_win.cc(73)] ReadMemory at 0x7ffd33010000 of 64 bytes failed: Only part of a ReadProcessMemory or WriteProcessMemory request was completed. (0x12B)
[0805/134607.271:WARNING:pe_image_reader.cc(340)] could not read dos header from C:\WINDOWS\SYSTEM32\dhcpcsvc.DLL
[0805/134607.271:ERROR:process_memory_win.cc(73)] ReadMemory at 0x7ffd3c460000 of 64 bytes failed: Only part of a ReadProcessMemory or WriteProcessMemory request was completed. (0x12B)
[0805/134607.271:WARNING:pe_image_reader.cc(340)] could not read dos header from C:\WINDOWS\System32\NSI.dll
[0805/134607.271:ERROR:process_memory_win.cc(73)] ReadMemory at 0x7ffd380a0000 of 64 bytes failed: Only part of a ReadProcessMemory or WriteProcessMemory request was completed. (0x12B)
[0805/134607.271:WARNING:pe_image_reader.cc(340)] could not read dos header from C:\WINDOWS\SYSTEM32\WINMMBASE.dll
[0805/134607.271:ERROR:process_memory_win.cc(73)] ReadMemory at 0x7ffd3a710000 of 64 bytes failed: Only part of a ReadProcessMemory or WriteProcessMemory request was completed. (0x12B)
[0805/134607.271:WARNING:pe_image_reader.cc(340)] could not read dos header from C:\WINDOWS\System32\cfgmgr32.dll
[0805/134607.272:ERROR:process_memory_win.cc(73)] ReadMemory at 0x7ffd36f40000 of 64 bytes failed: Only part of a ReadProcessMemory or WriteProcessMemory request was completed. (0x12B)
[0805/134607.272:WARNING:pe_image_reader.cc(340)] could not read dos header from C:\WINDOWS\SYSTEM32\PROPSYS.dll
[0805/134607.272:ERROR:process_memory_win.cc(73)] ReadMemory at 0x7ffd3c740000 of 64 bytes failed: Only part of a ReadProcessMemory or WriteProcessMemory request was completed. (0x12B)
[0805/134607.272:WARNING:pe_image_reader.cc(340)] could not read dos header from C:\WINDOWS\System32\shcore.dll
[0805/134607.272:ERROR:process_memory_win.cc(73)] ReadMemory at 0x7ffd3a490000 of 64 bytes failed: Only part of a ReadProcessMemory or WriteProcessMemory request was completed. (0x12B)
[0805/134607.272:WARNING:pe_image_reader.cc(340)] could not read dos header from C:\WINDOWS\SYSTEM32\SSPICLI.DLL
[0805/134607.272:ERROR:process_memory_win.cc(73)] ReadMemory at 0x7ffd39fe0000 of 64 bytes failed: Only part of a ReadProcessMemory or WriteProcessMemory request was completed. (0x12B)
[0805/134607.272:WARNING:pe_image_reader.cc(340)] could not read dos header from C:\WINDOWS\SYSTEM32\CRYPTBASE.DLL
[0805/134607.387:ERROR:process_memory_win.cc(73)] ReadMemory at 0x1f025f2000 of 57344 bytes failed: Only part of a ReadProcessMemory or WriteProcessMemory request was completed. (0x12B)
[0805/134607.387:ERROR:process_memory_win.cc(73)] ReadMemory at 0x1f02dfd000 of 12288 bytes failed: Only part of a ReadProcessMemory or WriteProcessMemory request was completed. (0x12B)
[0805/134607.387:ERROR:process_memory_win.cc(73)] ReadMemory at 0x1f035f6000 of 40960 bytes failed: Only part of a ReadProcessMemory or WriteProcessMemory request was completed. (0x12B)
[0805/134607.387:ERROR:process_memory_win.cc(73)] ReadMemory at 0x1f03dfc000 of 16384 bytes failed: Only part of a ReadProcessMemory or WriteProcessMemory request was completed. (0x12B)
[0805/134607.387:ERROR:process_memory_win.cc(73)] ReadMemory at 0x1f045fb000 of 20480 bytes failed: Only part of a ReadProcessMemory or WriteProcessMemory request was completed. (0x12B)
[0805/134607.388:ERROR:process_memory_win.cc(73)] ReadMemory at 0x1f04dfe000 of 8192 bytes failed: Only part of a ReadProcessMemory or WriteProcessMemory request was completed. (0x12B)
[0805/134607.388:ERROR:process_memory_win.cc(73)] ReadMemory at 0x1f055fd000 of 12288 bytes failed: Only part of a ReadProcessMemory or WriteProcessMemory request was completed. (0x12B)
[0805/134607.388:ERROR:process_memory_win.cc(73)] ReadMemory at 0x1f05dfb000 of 20480 bytes failed: Only part of a ReadProcessMemory or WriteProcessMemory request was completed. (0x12B)
[0805/134607.388:ERROR:process_memory_win.cc(73)] ReadMemory at 0x1f06dfb000 of 20480 bytes failed: Only part of a ReadProcessMemory or WriteProcessMemory request was completed. (0x12B)
[0805/134607.388:ERROR:process_memory_win.cc(73)] ReadMemory at 0x1f075f5000 of 45056 bytes failed: Only part of a ReadProcessMemory or WriteProcessMemory request was completed. (0x12B)
[0805/134607.389:ERROR:process_memory_win.cc(73)] ReadMemory at 0x1f07dfc000 of 16384 bytes failed: Only part of a ReadProcessMemory or WriteProcessMemory request was completed. (0x12B)
[0805/134607.389:ERROR:process_memory_win.cc(73)] ReadMemory at 0x1f085fa000 of 24576 bytes failed: Only part of a ReadProcessMemory or WriteProcessMemory request was completed. (0x12B)
[0805/134607.389:ERROR:process_memory_win.cc(73)] ReadMemory at 0x1f08df6000 of 40960 bytes failed: Only part of a ReadProcessMemory or WriteProcessMemory request was completed. (0x12B)
[0805/134607.389:ERROR:process_memory_win.cc(73)] ReadMemory at 0x1f095fd000 of 12288 bytes failed: Only part of a ReadProcessMemory or WriteProcessMemory request was completed. (0x12B)
[0805/134607.389:ERROR:process_memory_win.cc(73)] ReadMemory at 0x1f09df4000 of 49152 bytes failed: Only part of a ReadProcessMemory or WriteProcessMemory request was completed. (0x12B)
[0805/134607.389:ERROR:process_memory_win.cc(73)] ReadMemory at 0x1f0a5f9000 of 28672 bytes failed: Only part of a ReadProcessMemory or WriteProcessMemory request was completed. (0x12B)
[0805/134607.390:ERROR:process_memory_win.cc(73)] ReadMemory at 0x1f0adf3000 of 53248 bytes failed: Only part of a ReadProcessMemory or WriteProcessMemory request was completed. (0x12B)
[0805/134607.390:ERROR:process_memory_win.cc(73)] ReadMemory at 0x1f0b5fc000 of 16384 bytes failed: Only part of a ReadProcessMemory or WriteProcessMemory request was completed. (0x12B)
[0805/134607.391:ERROR:process_memory_win.cc(73)] ReadMemory at 0x1f0bdf5000 of 45056 bytes failed: Only part of a ReadProcessMemory or WriteProcessMemory request was completed. (0x12B)
[0805/134607.391:ERROR:process_memory_win.cc(73)] ReadMemory at 0x1f0cdf2000 of 57344 bytes failed: Only part of a ReadProcessMemory or WriteProcessMemory request was completed. (0x12B)
[0805/134607.391:ERROR:process_memory_win.cc(73)] ReadMemory at 0x1f0d5f2000 of 57344 bytes failed: Only part of a ReadProcessMemory or WriteProcessMemory request was completed. (0x12B)
[0805/134607.391:ERROR:process_memory_win.cc(73)] ReadMemory at 0x1f0ddf0000 of 65536 bytes failed: Only part of a ReadProcessMemory or WriteProcessMemory request was completed. (0x12B)
[0805/134607.391:ERROR:process_memory_win.cc(73)] ReadMemory at 0x1f0e5fc000 of 16384 bytes failed: Only part of a ReadProcessMemory or WriteProcessMemory request was completed. (0x12B)
[0805/134607.391:ERROR:process_memory_win.cc(73)] ReadMemory at 0x1f0edfc000 of 16384 bytes failed: Only part of a ReadProcessMemory or WriteProcessMemory request was completed. (0x12B)
[0805/134607.391:ERROR:process_memory_win.cc(73)] ReadMemory at 0x1f065fd000 of 12288 bytes failed: Only part of a ReadProcessMemory or WriteProcessMemory request was completed. (0x12B)
[0805/134607.391:ERROR:process_memory_win.cc(73)] ReadMemory at 0x1f01d49000 of 852 bytes failed: Only part of a ReadProcessMemory or WriteProcessMemory request was completed. (0x12B)
[0805/134607.391:ERROR:process_memory_win.cc(73)] ReadMemory at 0x1f01d4a000 of 6024 bytes failed: Only part of a ReadProcessMemory or WriteProcessMemory request was completed. (0x12B)
[0805/134607.391:ERROR:process_memory_win.cc(73)] ReadMemory at 0x1f01d4c000 of 6024 bytes failed: Only part of a ReadProcessMemory or WriteProcessMemory request was completed. (0x12B)
[0805/134607.391:ERROR:process_memory_win.cc(73)] ReadMemory at 0x1f01d4e000 of 6024 bytes failed: Only part of a ReadProcessMemory or WriteProcessMemory request was completed. (0x12B)
[0805/134607.392:ERROR:process_memory_win.cc(73)] ReadMemory at 0x1f01d50000 of 6024 bytes failed: Only part of a ReadProcessMemory or WriteProcessMemory request was completed. (0x12B)
[0805/134607.393:ERROR:process_memory_win.cc(73)] ReadMemory at 0x1f01d52000 of 6024 bytes failed: Only part of a ReadProcessMemory or WriteProcessMemory request was completed. (0x12B)
[0805/134607.393:ERROR:process_memory_win.cc(73)] ReadMemory at 0x1f01d54000 of 6024 bytes failed: Only part of a ReadProcessMemory or WriteProcessMemory request was completed. (0x12B)
[0805/134607.393:ERROR:process_memory_win.cc(73)] ReadMemory at 0x1f01d56000 of 6024 bytes failed: Only part of a ReadProcessMemory or WriteProcessMemory request was completed. (0x12B)
[0805/134607.393:ERROR:process_memory_win.cc(73)] ReadMemory at 0x1f01d58000 of 6024 bytes failed: Only part of a ReadProcessMemory or WriteProcessMemory request was completed. (0x12B)
[0805/134607.393:ERROR:process_memory_win.cc(73)] ReadMemory at 0x1f01d5c000 of 6024 bytes failed: Only part of a ReadProcessMemory or WriteProcessMemory request was completed. (0x12B)
[0805/134607.393:ERROR:process_memory_win.cc(73)] ReadMemory at 0x1f01d5e000 of 6024 bytes failed: Only part of a ReadProcessMemory or WriteProcessMemory request was completed. (0x12B)
[0805/134607.393:ERROR:process_memory_win.cc(73)] ReadMemory at 0x1f01d60000 of 6024 bytes failed: Only part of a ReadProcessMemory or WriteProcessMemory request was completed. (0x12B)
[0805/134607.393:ERROR:process_memory_win.cc(73)] ReadMemory at 0x1f01d62000 of 6024 bytes failed: Only part of a ReadProcessMemory or WriteProcessMemory request was completed. (0x12B)
[0805/134607.393:ERROR:process_memory_win.cc(73)] ReadMemory at 0x1f01d64000 of 6024 bytes failed: Only part of a ReadProcessMemory or WriteProcessMemory request was completed. (0x12B)
[0805/134607.393:ERROR:process_memory_win.cc(73)] ReadMemory at 0x1f01d66000 of 6024 bytes failed: Only part of a ReadProcessMemory or WriteProcessMemory request was completed. (0x12B)
[0805/134607.393:ERROR:process_memory_win.cc(73)] ReadMemory at 0x1f01d68000 of 6024 bytes failed: Only part of a ReadProcessMemory or WriteProcessMemory request was completed. (0x12B)
[0805/134607.393:ERROR:process_memory_win.cc(73)] ReadMemory at 0x1f01d6a000 of 6024 bytes failed: Only part of a ReadProcessMemory or WriteProcessMemory request was completed. (0x12B)
[0805/134607.393:ERROR:process_memory_win.cc(73)] ReadMemory at 0x1f01d6c000 of 6024 bytes failed: Only part of a ReadProcessMemory or WriteProcessMemory request was completed. (0x12B)
[0805/134607.393:ERROR:process_memory_win.cc(73)] ReadMemory at 0x1f01d6e000 of 6024 bytes failed: Only part of a ReadProcessMemory or WriteProcessMemory request was completed. (0x12B)
[0805/134607.393:ERROR:process_memory_win.cc(73)] ReadMemory at 0x1f01d70000 of 6024 bytes failed: Only part of a ReadProcessMemory or WriteProcessMemory request was completed. (0x12B)
[0805/134607.394:ERROR:process_memory_win.cc(73)] ReadMemory at 0x1f01d74000 of 6024 bytes failed: Only part of a ReadProcessMemory or WriteProcessMemory request was completed. (0x12B)
[0805/134607.394:ERROR:process_memory_win.cc(73)] ReadMemory at 0x1f01d76000 of 6024 bytes failed: Only part of a ReadProcessMemory or WriteProcessMemory request was completed. (0x12B)
[0805/134607.394:ERROR:process_memory_win.cc(73)] ReadMemory at 0x1f01d78000 of 6024 bytes failed: Only part of a ReadProcessMemory or WriteProcessMemory request was completed. (0x12B)
[0805/134607.394:ERROR:process_memory_win.cc(73)] ReadMemory at 0x1f01d7a000 of 6024 bytes failed: Only part of a ReadProcessMemory or WriteProcessMemory request was completed. (0x12B)
[0805/134607.394:ERROR:process_memory_win.cc(73)] ReadMemory at 0x1f01d7c000 of 6024 bytes failed: Only part of a ReadProcessMemory or WriteProcessMemory request was completed. (0x12B)
[0805/134607.394:ERROR:process_memory_win.cc(73)] ReadMemory at 0x1f01d7e000 of 6024 bytes failed: Only part of a ReadProcessMemory or WriteProcessMemory request was completed. (0x12B)
[0805/134607.394:ERROR:process_memory_win.cc(73)] ReadMemory at 0x1a432f70fe0 of 25406 bytes failed: Only part of a ReadProcessMemory or WriteProcessMemory request was completed. (0x12B)
[0805/134607.394:ERROR:process_memory_win.cc(73)] ReadMemory at 0x1a432f77330 of 1012 bytes failed: Only part of a ReadProcessMemory or WriteProcessMemory request was completed. (0x12B)
[0805/134607.394:ERROR:process_memory_win.cc(73)] ReadMemory at 0x1a432f77978 of 118 bytes failed: Only part of a ReadProcessMemory or WriteProcessMemory request was completed. (0x12B)
[0805/134607.395:ERROR:process_memory_win.cc(73)] ReadMemory at 0x1a432f779f0 of 758 bytes failed: Only part of a ReadProcessMemory or WriteProcessMemory request was completed. (0x12B)
[0805/134607.395:ERROR:process_memory_win.cc(73)] ReadMemory at 0x1a432f77ce8 of 118 bytes failed: Only part of a ReadProcessMemory or WriteProcessMemory request was completed. (0x12B)
[0805/134607.395:ERROR:process_memory_win.cc(73)] ReadMemory at 0x1a432f77d60 of 100 bytes failed: Only part of a ReadProcessMemory or WriteProcessMemory request was completed. (0x12B)
[0805/134607.395:ERROR:process_memory_win.cc(73)] ReadMemory at 0x1a432f77dd0 of 58 bytes failed: Only part of a ReadProcessMemory or WriteProcessMemory request was completed. (0x12B)
[0805/134607.395:ERROR:process_memory_win.cc(73)] ReadMemory at 0x1a432f77ed0 of 132 bytes failed: Only part of a ReadProcessMemory or WriteProcessMemory request was completed. (0x12B)
[0805/134607.395:ERROR:process_memory_win.cc(73)] ReadMemory at 0x1a432f78060 of 132 bytes failed: Only part of a ReadProcessMemory or WriteProcessMemory request was completed. (0x12B)
[0805/134607.395:ERROR:process_memory_win.cc(73)] ReadMemory at 0x1a432f78220 of 126 bytes failed: Only part of a ReadProcessMemory or WriteProcessMemory request was completed. (0x12B)
[0805/134607.395:ERROR:process_memory_win.cc(73)] ReadMemory at 0x1a432f78600 of 132 bytes failed: Only part of a ReadProcessMemory or WriteProcessMemory request was completed. (0x12B)
[0805/134607.396:ERROR:process_memory_win.cc(73)] ReadMemory at 0x1a432f78790 of 64 bytes failed: Only part of a ReadProcessMemory or WriteProcessMemory request was completed. (0x12B)
[0805/134607.396:ERROR:process_memory_win.cc(73)] ReadMemory at 0x1a432f787e0 of 132 bytes failed: Only part of a ReadProcessMemory or WriteProcessMemory request was completed. (0x12B)
[0805/134607.397:ERROR:process_memory_win.cc(73)] ReadMemory at 0x1a432f78910 of 132 bytes failed: Only part of a ReadProcessMemory or WriteProcessMemory request was completed. (0x12B)
[0805/134607.397:ERROR:process_memory_win.cc(73)] ReadMemory at 0x1a432f78bf0 of 132 bytes failed: Only part of a ReadProcessMemory or WriteProcessMemory request was completed. (0x12B)
[0805/134607.397:ERROR:process_memory_win.cc(73)] ReadMemory at 0x1a432f78d80 of 68 bytes failed: Only part of a ReadProcessMemory or WriteProcessMemory request was completed. (0x12B)
[0805/134607.397:ERROR:process_memory_win.cc(73)] ReadMemory at 0x1a432f79fd0 of 154 bytes failed: Only part of a ReadProcessMemory or WriteProcessMemory request was completed. (0x12B)
[0805/134607.397:ERROR:process_memory_win.cc(73)] ReadMemory at 0x1a432f7cc20 of 62 bytes failed: Only part of a ReadProcessMemory or WriteProcessMemory request was completed. (0x12B)
[0805/134607.397:ERROR:process_memory_win.cc(73)] ReadMemory at 0x1a432f7cd80 of 132 bytes failed: Only part of a ReadProcessMemory or WriteProcessMemory request was completed. (0x12B)
[0805/134607.397:ERROR:process_memory_win.cc(73)] ReadMemory at 0x1a432f7cf10 of 60 bytes failed: Only part of a ReadProcessMemory or WriteProcessMemory request was completed. (0x12B)
[0805/134607.397:ERROR:process_memory_win.cc(73)] ReadMemory at 0x1a432f7f1ac of 512 bytes failed: Only part of a ReadProcessMemory or WriteProcessMemory request was completed. (0x12B)
[0805/134607.397:ERROR:process_memory_win.cc(73)] ReadMemory at 0x1a432f8b110 of 66 bytes failed: Only part of a ReadProcessMemory or WriteProcessMemory request was completed. (0x12B)
[0805/134607.397:ERROR:process_memory_win.cc(73)] ReadMemory at 0x1a432f8b1b0 of 62 bytes failed: Only part of a ReadProcessMemory or WriteProcessMemory request was completed. (0x12B)
[0805/134607.397:ERROR:process_memory_win.cc(73)] ReadMemory at 0x1a432f8b520 of 62 bytes failed: Only part of a ReadProcessMemory or WriteProcessMemory request was completed. (0x12B)
[0805/134607.397:ERROR:process_memory_win.cc(73)] ReadMemory at 0x1a432f8b570 of 60 bytes failed: Only part of a ReadProcessMemory or WriteProcessMemory request was completed. (0x12B)
[0805/134607.397:ERROR:process_memory_win.cc(73)] ReadMemory at 0x1a432f8b5c0 of 64 bytes failed: Only part of a ReadProcessMemory or WriteProcessMemory request was completed. (0x12B)
[0805/134607.397:ERROR:process_memory_win.cc(73)] ReadMemory at 0x1a432f8b6b0 of 60 bytes failed: Only part of a ReadProcessMemory or WriteProcessMemory request was completed. (0x12B)
[0805/134607.397:ERROR:process_memory_win.cc(73)] ReadMemory at 0x1a432f8b7a0 of 64 bytes failed: Only part of a ReadProcessMemory or WriteProcessMemory request was completed. (0x12B)
[0805/134607.398:ERROR:process_memory_win.cc(73)] ReadMemory at 0x1a432f8b840 of 62 bytes failed: Only part of a ReadProcessMemory or WriteProcessMemory request was completed. (0x12B)
[0805/134607.398:ERROR:process_memory_win.cc(73)] ReadMemory at 0x1a432f8b9d0 of 62 bytes failed: Only part of a ReadProcessMemory or WriteProcessMemory request was completed. (0x12B)
[0805/134607.398:ERROR:process_memory_win.cc(73)] ReadMemory at 0x1a432f8bbb0 of 64 bytes failed: Only part of a ReadProcessMemory or WriteProcessMemory request was completed. (0x12B)
[0805/134607.398:ERROR:process_memory_win.cc(73)] ReadMemory at 0x1a432f8bc50 of 58 bytes failed: Only part of a ReadProcessMemory or WriteProcessMemory request was completed. (0x12B)
[0805/134607.398:ERROR:process_memory_win.cc(73)] ReadMemory at 0x1a432f8bca0 of 62 bytes failed: Only part of a ReadProcessMemory or WriteProcessMemory request was completed. (0x12B)
[0805/134607.398:ERROR:process_memory_win.cc(73)] ReadMemory at 0x1a432f8bcf0 of 64 bytes failed: Only part of a ReadProcessMemory or WriteProcessMemory request was completed. (0x12B)
[0805/134607.398:ERROR:process_memory_win.cc(73)] ReadMemory at 0x1a432f8bde0 of 62 bytes failed: Only part of a ReadProcessMemory or WriteProcessMemory request was completed. (0x12B)
[0805/134607.398:ERROR:process_memory_win.cc(73)] ReadMemory at 0x1a432f8bf20 of 60 bytes failed: Only part of a ReadProcessMemory or WriteProcessMemory request was completed. (0x12B)
[0805/134607.398:ERROR:process_memory_win.cc(73)] ReadMemory at 0x1a432f8bf70 of 64 bytes failed: Only part of a ReadProcessMemory or WriteProcessMemory request was completed. (0x12B)
[0805/134607.399:ERROR:process_memory_win.cc(73)] ReadMemory at 0x1a432f91eb0 of 132 bytes failed: Only part of a ReadProcessMemory or WriteProcessMemory request was completed. (0x12B)
[0805/134607.399:ERROR:process_memory_win.cc(73)] ReadMemory at 0x1a432f920e0 of 132 bytes failed: Only part of a ReadProcessMemory or WriteProcessMemory request was completed. (0x12B)
[0805/134607.399:ERROR:process_memory_win.cc(73)] ReadMemory at 0x1a432f92210 of 132 bytes failed: Only part of a ReadProcessMemory or WriteProcessMemory request was completed. (0x12B)
[0805/134607.399:ERROR:process_memory_win.cc(73)] ReadMemory at 0x1a432f92390 of 132 bytes failed: Only part of a ReadProcessMemory or WriteProcessMemory request was completed. (0x12B)
[0805/134607.399:ERROR:process_memory_win.cc(73)] ReadMemory at 0x1a432f924c0 of 132 bytes failed: Only part of a ReadProcessMemory or WriteProcessMemory request was completed. (0x12B)
[0805/134607.399:ERROR:process_memory_win.cc(73)] ReadMemory at 0x1a432f925f0 of 132 bytes failed: Only part of a ReadProcessMemory or WriteProcessMemory request was completed. (0x12B)
[0805/134607.399:ERROR:process_memory_win.cc(73)] ReadMemory at 0x1a432f92720 of 132 bytes failed: Only part of a ReadProcessMemory or WriteProcessMemory request was completed. (0x12B)
[0805/134607.399:ERROR:process_memory_win.cc(73)] ReadMemory at 0x1a432f92850 of 132 bytes failed: Only part of a ReadProcessMemory or WriteProcessMemory request was completed. (0x12B)
[0805/134607.399:ERROR:process_memory_win.cc(73)] ReadMemory at 0x1a432f92980 of 132 bytes failed: Only part of a ReadProcessMemory or WriteProcessMemory request was completed. (0x12B)
[0805/134607.400:ERROR:process_memory_win.cc(73)] ReadMemory at 0x1a432f92ab0 of 132 bytes failed: Only part of a ReadProcessMemory or WriteProcessMemory request was completed. (0x12B)
[0805/134607.400:ERROR:process_memory_win.cc(73)] ReadMemory at 0x1a432f92be0 of 132 bytes failed: Only part of a ReadProcessMemory or WriteProcessMemory request was completed. (0x12B)
[0805/134607.400:ERROR:process_memory_win.cc(73)] ReadMemory at 0x1a432f92d10 of 132 bytes failed: Only part of a ReadProcessMemory or WriteProcessMemory request was completed. (0x12B)
[0805/134607.400:ERROR:process_memory_win.cc(73)] ReadMemory at 0x1a432f92e40 of 132 bytes failed: Only part of a ReadProcessMemory or WriteProcessMemory request was completed. (0x12B)
[0805/134607.400:ERROR:process_memory_win.cc(73)] ReadMemory at 0x1a432f92f70 of 132 bytes failed: Only part of a ReadProcessMemory or WriteProcessMemory request was completed. (0x12B)
[0805/134607.400:ERROR:process_memory_win.cc(73)] ReadMemory at 0x1a432f931d0 of 132 bytes failed: Only part of a ReadProcessMemory or WriteProcessMemory request was completed. (0x12B)
[0805/134607.400:ERROR:process_memory_win.cc(73)] ReadMemory at 0x1a432f97010 of 132 bytes failed: Only part of a ReadProcessMemory or WriteProcessMemory request was completed. (0x12B)
[0805/134607.400:ERROR:process_memory_win.cc(73)] ReadMemory at 0x1a432f97140 of 132 bytes failed: Only part of a ReadProcessMemory or WriteProcessMemory request was completed. (0x12B)
[0805/134607.401:ERROR:process_memory_win.cc(73)] ReadMemory at 0x1a432f99200 of 80 bytes failed: Only part of a ReadProcessMemory or WriteProcessMemory request was completed. (0x12B)
[0805/134607.401:ERROR:process_memory_win.cc(73)] ReadMemory at 0x1a432f9a400 of 132 bytes failed: Only part of a ReadProcessMemory or WriteProcessMemory request was completed. (0x12B)
[0805/134607.401:ERROR:process_memory_win.cc(73)] ReadMemory at 0x1a432f9a530 of 132 bytes failed: Only part of a ReadProcessMemory or WriteProcessMemory request was completed. (0x12B)
[0805/134607.401:ERROR:process_memory_win.cc(73)] ReadMemory at 0x1a432f9acc0 of 76 bytes failed: Only part of a ReadProcessMemory or WriteProcessMemory request was completed. (0x12B)
[0805/134607.401:ERROR:process_memory_win.cc(73)] ReadMemory at 0x1a432f9b320 of 80 bytes failed: Only part of a ReadProcessMemory or WriteProcessMemory request was completed. (0x12B)
[0805/134607.401:ERROR:process_memory_win.cc(73)] ReadMemory at 0x1a432f9e840 of 54 bytes failed: Only part of a ReadProcessMemory or WriteProcessMemory request was completed. (0x12B)
[0805/134607.401:ERROR:process_memory_win.cc(73)] ReadMemory at 0x1a432f9ff10 of 132 bytes failed: Only part of a ReadProcessMemory or WriteProcessMemory request was completed. (0x12B)
[0805/134607.401:ERROR:process_memory_win.cc(73)] ReadMemory at 0x1a432fa0860 of 146 bytes failed: Only part of a ReadProcessMemory or WriteProcessMemory request was completed. (0x12B)
[0805/134607.401:ERROR:process_memory_win.cc(73)] ReadMemory at 0x1a432fa1d30 of 132 bytes failed: Only part of a ReadProcessMemory or WriteProcessMemory request was completed. (0x12B)
[0805/134607.402:ERROR:process_memory_win.cc(73)] ReadMemory at 0x1a432fa2020 of 132 bytes failed: Only part of a ReadProcessMemory or WriteProcessMemory request was completed. (0x12B)
[0805/134607.402:ERROR:process_memory_win.cc(73)] ReadMemory at 0x1a432fa2150 of 132 bytes failed: Only part of a ReadProcessMemory or WriteProcessMemory request was completed. (0x12B)
[0805/134607.402:ERROR:process_memory_win.cc(73)] ReadMemory at 0x1a432fa2280 of 132 bytes failed: Only part of a ReadProcessMemory or WriteProcessMemory request was completed. (0x12B)
[0805/134607.402:ERROR:process_memory_win.cc(73)] ReadMemory at 0x1a432fa2610 of 132 bytes failed: Only part of a ReadProcessMemory or WriteProcessMemory request was completed. (0x12B)
[0805/134607.402:ERROR:process_memory_win.cc(73)] ReadMemory at 0x1a432fa2740 of 132 bytes failed: Only part of a ReadProcessMemory or WriteProcessMemory request was completed. (0x12B)
[0805/134607.402:ERROR:process_memory_win.cc(73)] ReadMemory at 0x1a432fa2870 of 132 bytes failed: Only part of a ReadProcessMemory or WriteProcessMemory request was completed. (0x12B)
[0805/134607.402:ERROR:process_memory_win.cc(73)] ReadMemory at 0x1a432fa29a0 of 132 bytes failed: Only part of a ReadProcessMemory or WriteProcessMemory request was completed. (0x12B)
[0805/134607.402:ERROR:process_memory_win.cc(73)] ReadMemory at 0x1a432fa2ad0 of 132 bytes failed: Only part of a ReadProcessMemory or WriteProcessMemory request was completed. (0x12B)
[0805/134607.403:ERROR:process_memory_win.cc(73)] ReadMemory at 0x1a432fa2c00 of 132 bytes failed: Only part of a ReadProcessMemory or WriteProcessMemory request was completed. (0x12B)
[0805/134607.403:ERROR:process_memory_win.cc(73)] ReadMemory at 0x1a432fa2e60 of 132 bytes failed: Only part of a ReadProcessMemory or WriteProcessMemory request was completed. (0x12B)
[0805/134607.403:ERROR:process_memory_win.cc(73)] ReadMemory at 0x1a432fa36b0 of 132 bytes failed: Only part of a ReadProcessMemory or WriteProcessMemory request was completed. (0x12B)
[0805/134607.403:ERROR:process_memory_win.cc(73)] ReadMemory at 0x1a432fa7260 of 62 bytes failed: Only part of a ReadProcessMemory or WriteProcessMemory request was completed. (0x12B)
[0805/134607.403:ERROR:process_memory_win.cc(73)] ReadMemory at 0x1a432fa72b0 of 62 bytes failed: Only part of a ReadProcessMemory or WriteProcessMemory request was completed. (0x12B)
[0805/134607.403:ERROR:process_memory_win.cc(73)] ReadMemory at 0x1a432fa7440 of 62 bytes failed: Only part of a ReadProcessMemory or WriteProcessMemory request was completed. (0x12B)
[0805/134607.403:ERROR:process_memory_win.cc(73)] ReadMemory at 0x1a432fa7490 of 64 bytes failed: Only part of a ReadProcessMemory or WriteProcessMemory request was completed. (0x12B)
[0805/134607.404:ERROR:process_memory_win.cc(73)] ReadMemory at 0x1a432fa7670 of 64 bytes failed: Only part of a ReadProcessMemory or WriteProcessMemory request was completed. (0x12B)
[0805/134607.404:ERROR:process_memory_win.cc(73)] ReadMemory at 0x1a432fa7850 of 64 bytes failed: Only part of a ReadProcessMemory or WriteProcessMemory request was completed. (0x12B)
[0805/134607.404:ERROR:process_memory_win.cc(73)] ReadMemory at 0x1a432fa7a30 of 60 bytes failed: Only part of a ReadProcessMemory or WriteProcessMemory request was completed. (0x12B)
[0805/134607.404:ERROR:process_memory_win.cc(73)] ReadMemory at 0x1a432fa7a80 of 62 bytes failed: Only part of a ReadProcessMemory or WriteProcessMemory request was completed. (0x12B)
[0805/134607.404:ERROR:process_memory_win.cc(73)] ReadMemory at 0x1a432fa7ad0 of 60 bytes failed: Only part of a ReadProcessMemory or WriteProcessMemory request was completed. (0x12B)
[0805/134607.404:ERROR:process_memory_win.cc(73)] ReadMemory at 0x1a432fa7c10 of 66 bytes failed: Only part of a ReadProcessMemory or WriteProcessMemory request was completed. (0x12B)
[0805/134607.404:ERROR:process_memory_win.cc(73)] ReadMemory at 0x1a432fa7d50 of 60 bytes failed: Only part of a ReadProcessMemory or WriteProcessMemory request was completed. (0x12B)
[0805/134607.404:ERROR:process_memory_win.cc(73)] ReadMemory at 0x1a432fbcdc0 of 512 bytes failed: Only part of a ReadProcessMemory or WriteProcessMemory request was completed. (0x12B)
[0805/134607.405:ERROR:process_memory_win.cc(73)] ReadMemory at 0x1a43300dca0 of 512 bytes failed: Only part of a ReadProcessMemory or WriteProcessMemory request was completed. (0x12B)
[0805/134607.405:ERROR:process_memory_win.cc(73)] ReadMemory at 0x1a433033240 of 624 bytes failed: Only part of a ReadProcessMemory or WriteProcessMemory request was completed. (0x12B)
[0805/134607.462:ERROR:process_memory_win.cc(73)] ReadMemory at 0x1a4330363f0 of 512 bytes failed: Only part of a ReadProcessMemory or WriteProcessMemory request was completed. (0x12B)
[0805/134607.462:ERROR:process_memory_win.cc(73)] ReadMemory at 0x1a43303c9d0 of 712 bytes failed: Only part of a ReadProcessMemory or WriteProcessMemory request was completed. (0x12B)
[0805/134607.463:ERROR:process_memory_win.cc(73)] ReadMemory at 0x1a43304cc70 of 512 bytes failed: Only part of a ReadProcessMemory or WriteProcessMemory request was completed. (0x12B)
[0805/134607.463:ERROR:process_memory_win.cc(73)] ReadMemory at 0x1a4358900a0 of 512 bytes failed: Only part of a ReadProcessMemory or WriteProcessMemory request was completed. (0x12B)
[0805/134607.463:ERROR:process_memory_win.cc(73)] ReadMemory at 0x1a43589a0f0 of 512 bytes failed: Only part of a ReadProcessMemory or WriteProcessMemory request was completed. (0x12B)
[0805/134607.463:ERROR:process_memory_win.cc(73)] ReadMemory at 0x1a4359ee5e0 of 512 bytes failed: Only part of a ReadProcessMemory or WriteProcessMemory request was completed. (0x12B)
[0805/134607.464:ERROR:process_memory_win.cc(73)] ReadMemory at 0x1a435e4ca10 of 512 bytes failed: Only part of a ReadProcessMemory or WriteProcessMemory request was completed. (0x12B)
[0805/134607.464:ERROR:process_memory_win.cc(73)] ReadMemory at 0x1a438034ba0 of 512 bytes failed: Only part of a ReadProcessMemory or WriteProcessMemory request was completed. (0x12B)
[0805/134607.464:ERROR:process_memory_win.cc(73)] ReadMemory at 0x1a43d5a8140 of 512 bytes failed: Only part of a ReadProcessMemory or WriteProcessMemory request was completed. (0x12B)
[0805/134607.464:ERROR:process_memory_win.cc(73)] ReadMemory at 0x1a43efa6720 of 512 bytes failed: Only part of a ReadProcessMemory or WriteProcessMemory request was completed. (0x12B)
[0805/134607.464:ERROR:process_memory_win.cc(73)] ReadMemory at 0x1a44461ed58 of 512 bytes failed: Only part of a ReadProcessMemory or WriteProcessMemory request was completed. (0x12B)
[0805/134607.464:ERROR:process_memory_win.cc(73)] ReadMemory at 0x11aaf05ae5d8 of 512 bytes failed: Only part of a ReadProcessMemory or WriteProcessMemory request was completed. (0x12B)
[0805/134607.465:ERROR:process_memory_win.cc(73)] ReadMemory at 0x2fdf00000000 of 384 bytes failed: Only part of a ReadProcessMemory or WriteProcessMemory request was completed. (0x12B)
[0805/134607.465:ERROR:process_memory_win.cc(73)] ReadMemory at 0x2fdf08040000 of 384 bytes failed: Only part of a ReadProcessMemory or WriteProcessMemory request was completed. (0x12B)
[0805/134607.465:ERROR:process_memory_win.cc(73)] ReadMemory at 0x2fdf08040599 of 512 bytes failed: Only part of a ReadProcessMemory or WriteProcessMemory request was completed. (0x12B)
[0805/134607.465:ERROR:process_memory_win.cc(73)] ReadMemory at 0x2fdf08189b29 of 512 bytes failed: Only part of a ReadProcessMemory or WriteProcessMemory request was completed. (0x12B)
[0805/134607.465:ERROR:process_memory_win.cc(73)] ReadMemory at 0x2fdf086b61ec of 512 bytes failed: Only part of a ReadProcessMemory or WriteProcessMemory request was completed. (0x12B)
[0805/134607.466:ERROR:process_memory_win.cc(73)] ReadMemory at 0x2fdf088ee120 of 512 bytes failed: Only part of a ReadProcessMemory or WriteProcessMemory request was completed. (0x12B)
[0805/134607.466:ERROR:process_memory_win.cc(73)] ReadMemory at 0x2fdf08922e30 of 512 bytes failed: Only part of a ReadProcessMemory or WriteProcessMemory request was completed. (0x12B)
[0805/134607.466:ERROR:process_memory_win.cc(73)] ReadMemory at 0x2fdf08e09791 of 512 bytes failed: Only part of a ReadProcessMemory or WriteProcessMemory request was completed. (0x12B)
[0805/134607.466:ERROR:process_memory_win.cc(73)] ReadMemory at 0x2fdf08fa8ddd of 512 bytes failed: Only part of a ReadProcessMemory or WriteProcessMemory request was completed. (0x12B)
[0805/134607.466:ERROR:process_memory_win.cc(73)] ReadMemory at 0x2fdf0910a371 of 512 bytes failed: Only part of a ReadProcessMemory or WriteProcessMemory request was completed. (0x12B)
[0805/134607.466:ERROR:process_memory_win.cc(73)] ReadMemory at 0x598a9ee4f440 of 512 bytes failed: Only part of a ReadProcessMemory or WriteProcessMemory request was completed. (0x12B)
[0805/134607.466:ERROR:process_memory_win.cc(73)] ReadMemory at 0x7ffcbd3b0000 of 384 bytes failed: Only part of a ReadProcessMemory or WriteProcessMemory request was completed. (0x12B)
[0805/134607.467:ERROR:process_memory_win.cc(73)] ReadMemory at 0x7ffcbdd2fe81 of 512 bytes failed: Only part of a ReadProcessMemory or WriteProcessMemory request was completed. (0x12B)
[0805/134607.467:ERROR:process_memory_win.cc(73)] ReadMemory at 0x7ffcbf2b8dc0 of 512 bytes failed: Only part of a ReadProcessMemory or WriteProcessMemory request was completed. (0x12B)
[0805/134607.467:ERROR:process_memory_win.cc(73)] ReadMemory at 0x7ffcc26b937f of 512 bytes failed: Only part of a ReadProcessMemory or WriteProcessMemory request was completed. (0x12B)
[0805/134607.467:ERROR:process_memory_win.cc(73)] ReadMemory at 0x7ffcc403cdf8 of 512 bytes failed: Only part of a ReadProcessMemory or WriteProcessMemory request was completed. (0x12B)
[0805/134607.467:ERROR:process_memory_win.cc(73)] ReadMemory at 0x7ffcc40a4308 of 512 bytes failed: Only part of a ReadProcessMemory or WriteProcessMemory request was completed. (0x12B)
[0805/134607.467:ERROR:process_memory_win.cc(73)] ReadMemory at 0x7ffd3b37a719 of 512 bytes failed: Only part of a ReadProcessMemory or WriteProcessMemory request was completed. (0x12B)
[0805/134607.467:ERROR:process_memory_win.cc(73)] ReadMemory at 0x7ffd3d77c074 of 672 bytes failed: Only part of a ReadProcessMemory or WriteProcessMemory request was completed. (0x12B)
[0805/134607.468:ERROR:process_memory_win.cc(73)] ReadMemory at 0x7ffd3d77c674 of 512 bytes failed: Only part of a ReadProcessMemory or WriteProcessMemory request was completed. (0x12B)
[0805/134607.468:ERROR:process_memory_win.cc(73)] ReadMemory at 0x7ffd3d77f924 of 608 bytes failed: Only part of a ReadProcessMemory or WriteProcessMemory request was completed. (0x12B)
[0805/134607.468:ERROR:process_memory_win.cc(73)] ReadMemory at 0x7ffd3d80c428 of 18 bytes failed: Only part of a ReadProcessMemory or WriteProcessMemory request was completed. (0x12B)
[0805/134607.468:ERROR:process_memory_win.cc(73)] ReadMemory at 0x7ffd3d83f4f8 of 40 bytes failed: Only part of a ReadProcessMemory or WriteProcessMemory request was completed. (0x12B)
[0805/134607.468:ERROR:process_memory_win.cc(73)] ReadMemory at 0x7ffd3d83f978 of 48 bytes failed: Only part of a ReadProcessMemory or WriteProcessMemory request was completed. (0x12B)
[0805/134607.468:ERROR:process_memory_win.cc(73)] ReadMemory at 0x7ffd3d8453c0 of 64 bytes failed: Only part of a ReadProcessMemory or WriteProcessMemory request was completed. (0x12B)
[0805/134607.472:ERROR:scoped_process_suspend.cc(40)] NtResumeProcess: An attempt was made to access an exiting process. (0xc000010a)
[0805/173004.293:ERROR:process_info.cc(375)] NtQuerySystemInformation SystemExtendedHandleInformation: The specified information record length does not match the length required for the specified information class. (0xc0000004)
[0805/173342.424:ERROR:process_info.cc(375)] NtQuerySystemInformation SystemExtendedHandleInformation: The specified information record length does not match the length required for the specified information class. (0xc0000004)
